<?xml version="1.0" encoding="UTF-8"?>
<!-- Generated by org.testng.reporters.JUnitReportReporter -->
<testsuite hostname="LAPTOP-NNBSM9P6" failures="0" tests="1" name="com.ebanking.master.CreatingExcelSheet" time="1.696" errors="0" timestamp="2023-06-10T17:09:41 IST" skipped="0">
  <testcase classname="com.ebanking.master.CreatingExcelSheet" name="testDataExport" time="1.696"/>
  <system-out/>
</testsuite> <!-- com.ebanking.master.CreatingExcelSheet -->
